{"__type":"$$EventMessageAudit","id":"fcf7f1bb-8e4c-4109-a996-e824d7f96889","ts":"2025-08-30T16:10:31.056+00:00","eventName":"n8n.audit.workflow.created","message":"n8n.audit.workflow.created","payload":{"userId":"9efb3d86-b232-47f7-8325-6a49df76f0b9","_email":"techfit.ai.adm@gmail.com","_firstName":"Vincent","_lastName":"Bullion","globalRole":"global:owner","workflowId":"80CeFnY3zaqUkGx5","workflowName":"My workflow"}}
{"__type":"$$EventMessageConfirm","confirm":"fcf7f1bb-8e4c-4109-a996-e824d7f96889","ts":"2025-08-30T16:10:31.057+00:00","source":{"id":"0","name":"eventBus"}}
{"__type":"$$EventMessageWorkflow","id":"8883c173-a388-46e3-a826-509381e6e38d","ts":"2025-08-30T16:10:31.364+00:00","eventName":"n8n.workflow.started","message":"n8n.workflow.started","payload":{"executionId":"1","workflowId":"80CeFnY3zaqUkGx5","isManual":false,"workflowName":"My workflow"}}
{"__type":"$$EventMessageConfirm","confirm":"8883c173-a388-46e3-a826-509381e6e38d","ts":"2025-08-30T16:10:31.364+00:00","source":{"id":"0","name":"eventBus"}}
{"__type":"$$EventMessageNode","id":"d24aacb9-5aed-4df4-b365-a3665f3fffc8","ts":"2025-08-30T16:10:31.366+00:00","eventName":"n8n.node.started","message":"n8n.node.started","payload":{"workflowId":"80CeFnY3zaqUkGx5","workflowName":"My workflow","executionId":"1","nodeType":"n8n-nodes-base.executeCommand","nodeName":"Execute Command","nodeId":"6f7cde43-4447-4d4b-92fe-b66ccc1f3033"}}
{"__type":"$$EventMessageConfirm","confirm":"d24aacb9-5aed-4df4-b365-a3665f3fffc8","ts":"2025-08-30T16:10:31.366+00:00","source":{"id":"0","name":"eventBus"}}
{"__type":"$$EventMessageNode","id":"b492fea2-5313-4a9a-a000-8c1e5e03a675","ts":"2025-08-30T16:10:31.389+00:00","eventName":"n8n.node.finished","message":"n8n.node.finished","payload":{"workflowId":"80CeFnY3zaqUkGx5","workflowName":"My workflow","executionId":"1","nodeType":"n8n-nodes-base.executeCommand","nodeName":"Execute Command","nodeId":"6f7cde43-4447-4d4b-92fe-b66ccc1f3033"}}
{"__type":"$$EventMessageConfirm","confirm":"b492fea2-5313-4a9a-a000-8c1e5e03a675","ts":"2025-08-30T16:10:31.389+00:00","source":{"id":"0","name":"eventBus"}}
{"__type":"$$EventMessageWorkflow","id":"9409f421-5986-4ad7-a25d-3bd2b0d044ca","ts":"2025-08-30T16:10:31.400+00:00","eventName":"n8n.workflow.success","message":"n8n.workflow.success","payload":{"userId":"9efb3d86-b232-47f7-8325-6a49df76f0b9","executionId":"1","success":true,"isManual":true,"workflowId":"80CeFnY3zaqUkGx5","workflowName":"My workflow"}}
{"__type":"$$EventMessageConfirm","confirm":"9409f421-5986-4ad7-a25d-3bd2b0d044ca","ts":"2025-08-30T16:10:31.402+00:00","source":{"id":"0","name":"eventBus"}}
{"__type":"$$EventMessageWorkflow","id":"4bf9ef59-c2f4-48d4-afb1-4b9e49b6d696","ts":"2025-08-30T16:10:47.931+00:00","eventName":"n8n.workflow.started","message":"n8n.workflow.started","payload":{"executionId":"2","workflowId":"80CeFnY3zaqUkGx5","isManual":false,"workflowName":"My workflow"}}
{"__type":"$$EventMessageConfirm","confirm":"4bf9ef59-c2f4-48d4-afb1-4b9e49b6d696","ts":"2025-08-30T16:10:47.931+00:00","source":{"id":"0","name":"eventBus"}}
{"__type":"$$EventMessageNode","id":"9543794d-688e-42db-84a1-7991389c740c","ts":"2025-08-30T16:10:47.932+00:00","eventName":"n8n.node.started","message":"n8n.node.started","payload":{"workflowId":"80CeFnY3zaqUkGx5","workflowName":"My workflow","executionId":"2","nodeType":"n8n-nodes-base.manualTrigger","nodeName":"When clicking ‘Execute workflow’","nodeId":"af669af7-85e5-4ee6-ace2-44feb190d949"}}
{"__type":"$$EventMessageConfirm","confirm":"9543794d-688e-42db-84a1-7991389c740c","ts":"2025-08-30T16:10:47.932+00:00","source":{"id":"0","name":"eventBus"}}
{"__type":"$$EventMessageNode","id":"aec397d1-e344-447f-8de7-710b7a9b3083","ts":"2025-08-30T16:10:47.936+00:00","eventName":"n8n.node.finished","message":"n8n.node.finished","payload":{"workflowId":"80CeFnY3zaqUkGx5","workflowName":"My workflow","executionId":"2","nodeType":"n8n-nodes-base.manualTrigger","nodeName":"When clicking ‘Execute workflow’","nodeId":"af669af7-85e5-4ee6-ace2-44feb190d949"}}
{"__type":"$$EventMessageConfirm","confirm":"aec397d1-e344-447f-8de7-710b7a9b3083","ts":"2025-08-30T16:10:47.937+00:00","source":{"id":"0","name":"eventBus"}}
{"__type":"$$EventMessageNode","id":"8aa97ba0-6758-4703-81e9-bb58e339da37","ts":"2025-08-30T16:10:47.937+00:00","eventName":"n8n.node.started","message":"n8n.node.started","payload":{"workflowId":"80CeFnY3zaqUkGx5","workflowName":"My workflow","executionId":"2","nodeType":"n8n-nodes-base.executeCommand","nodeName":"Execute Command","nodeId":"6f7cde43-4447-4d4b-92fe-b66ccc1f3033"}}
{"__type":"$$EventMessageConfirm","confirm":"8aa97ba0-6758-4703-81e9-bb58e339da37","ts":"2025-08-30T16:10:47.937+00:00","source":{"id":"0","name":"eventBus"}}
{"__type":"$$EventMessageNode","id":"c13821a1-2b46-4dea-bccf-a99232699b9e","ts":"2025-08-30T16:10:47.953+00:00","eventName":"n8n.node.finished","message":"n8n.node.finished","payload":{"workflowId":"80CeFnY3zaqUkGx5","workflowName":"My workflow","executionId":"2","nodeType":"n8n-nodes-base.executeCommand","nodeName":"Execute Command","nodeId":"6f7cde43-4447-4d4b-92fe-b66ccc1f3033"}}
{"__type":"$$EventMessageConfirm","confirm":"c13821a1-2b46-4dea-bccf-a99232699b9e","ts":"2025-08-30T16:10:47.953+00:00","source":{"id":"0","name":"eventBus"}}
{"__type":"$$EventMessageWorkflow","id":"498666ec-0877-4a60-a5bf-a54cbb4a541e","ts":"2025-08-30T16:10:47.955+00:00","eventName":"n8n.workflow.success","message":"n8n.workflow.success","payload":{"userId":"9efb3d86-b232-47f7-8325-6a49df76f0b9","executionId":"2","success":true,"isManual":true,"workflowId":"80CeFnY3zaqUkGx5","workflowName":"My workflow"}}
{"__type":"$$EventMessageConfirm","confirm":"498666ec-0877-4a60-a5bf-a54cbb4a541e","ts":"2025-08-30T16:10:47.955+00:00","source":{"id":"0","name":"eventBus"}}
{"__type":"$$EventMessageAudit","id":"a4245e21-c64e-4fb8-8fa7-94eac56ec5e0","ts":"2025-08-30T16:10:54.772+00:00","eventName":"n8n.audit.workflow.updated","message":"n8n.audit.workflow.updated","payload":{"userId":"9efb3d86-b232-47f7-8325-6a49df76f0b9","_email":"techfit.ai.adm@gmail.com","_firstName":"Vincent","_lastName":"Bullion","globalRole":"global:owner","workflowId":"80CeFnY3zaqUkGx5","workflowName":"My workflow"}}
{"__type":"$$EventMessageConfirm","confirm":"a4245e21-c64e-4fb8-8fa7-94eac56ec5e0","ts":"2025-08-30T16:10:54.773+00:00","source":{"id":"0","name":"eventBus"}}
{"__type":"$$EventMessageWorkflow","id":"d05bc3f0-3820-401e-af27-d71a4fb88a78","ts":"2025-08-30T16:11:20.180+00:00","eventName":"n8n.workflow.started","message":"n8n.workflow.started","payload":{"executionId":"3","workflowId":"80CeFnY3zaqUkGx5","isManual":false,"workflowName":"My workflow"}}
{"__type":"$$EventMessageConfirm","confirm":"d05bc3f0-3820-401e-af27-d71a4fb88a78","ts":"2025-08-30T16:11:20.181+00:00","source":{"id":"0","name":"eventBus"}}
{"__type":"$$EventMessageNode","id":"da9f6613-9792-45c3-a8cb-29f80c6ec74d","ts":"2025-08-30T16:11:20.182+00:00","eventName":"n8n.node.started","message":"n8n.node.started","payload":{"workflowId":"80CeFnY3zaqUkGx5","workflowName":"My workflow","executionId":"3","nodeType":"n8n-nodes-base.manualTrigger","nodeName":"When clicking ‘Execute workflow’","nodeId":"af669af7-85e5-4ee6-ace2-44feb190d949"}}
{"__type":"$$EventMessageConfirm","confirm":"da9f6613-9792-45c3-a8cb-29f80c6ec74d","ts":"2025-08-30T16:11:20.182+00:00","source":{"id":"0","name":"eventBus"}}
{"__type":"$$EventMessageNode","id":"8c36795c-4939-4bb1-a927-a5a9e71e381e","ts":"2025-08-30T16:11:20.188+00:00","eventName":"n8n.node.finished","message":"n8n.node.finished","payload":{"workflowId":"80CeFnY3zaqUkGx5","workflowName":"My workflow","executionId":"3","nodeType":"n8n-nodes-base.manualTrigger","nodeName":"When clicking ‘Execute workflow’","nodeId":"af669af7-85e5-4ee6-ace2-44feb190d949"}}
{"__type":"$$EventMessageConfirm","confirm":"8c36795c-4939-4bb1-a927-a5a9e71e381e","ts":"2025-08-30T16:11:20.188+00:00","source":{"id":"0","name":"eventBus"}}
{"__type":"$$EventMessageNode","id":"216672c9-942a-455c-a433-0d0edcb96255","ts":"2025-08-30T16:11:20.188+00:00","eventName":"n8n.node.started","message":"n8n.node.started","payload":{"workflowId":"80CeFnY3zaqUkGx5","workflowName":"My workflow","executionId":"3","nodeType":"n8n-nodes-base.executeCommand","nodeName":"Execute Command","nodeId":"6f7cde43-4447-4d4b-92fe-b66ccc1f3033"}}
{"__type":"$$EventMessageConfirm","confirm":"216672c9-942a-455c-a433-0d0edcb96255","ts":"2025-08-30T16:11:20.188+00:00","source":{"id":"0","name":"eventBus"}}
{"__type":"$$EventMessageNode","id":"5faea872-6663-4565-bba3-d66979e36625","ts":"2025-08-30T16:11:20.208+00:00","eventName":"n8n.node.finished","message":"n8n.node.finished","payload":{"workflowId":"80CeFnY3zaqUkGx5","workflowName":"My workflow","executionId":"3","nodeType":"n8n-nodes-base.executeCommand","nodeName":"Execute Command","nodeId":"6f7cde43-4447-4d4b-92fe-b66ccc1f3033"}}
{"__type":"$$EventMessageConfirm","confirm":"5faea872-6663-4565-bba3-d66979e36625","ts":"2025-08-30T16:11:20.208+00:00","source":{"id":"0","name":"eventBus"}}
{"__type":"$$EventMessageWorkflow","id":"17a6550e-69eb-40c9-a7ea-b4525f84fc05","ts":"2025-08-30T16:11:20.211+00:00","eventName":"n8n.workflow.success","message":"n8n.workflow.success","payload":{"userId":"9efb3d86-b232-47f7-8325-6a49df76f0b9","executionId":"3","success":true,"isManual":true,"workflowId":"80CeFnY3zaqUkGx5","workflowName":"My workflow"}}
{"__type":"$$EventMessageConfirm","confirm":"17a6550e-69eb-40c9-a7ea-b4525f84fc05","ts":"2025-08-30T16:11:20.211+00:00","source":{"id":"0","name":"eventBus"}}
